[2022-04-02T17:46:15.359] [DEBUG] cheese - login => username:root,password:123456
[2022-04-02T17:46:15.362] [DEBUG] cheese - root
[2022-04-02T17:46:15.402] [DEBUG] cheese - null
[2022-04-02T17:46:15.402] [DEBUG] cheese - null
[2022-04-02T17:47:08.782] [DEBUG] cheese - login => username:admin,password:123456
[2022-04-02T17:47:08.782] [DEBUG] cheese - admin
[2022-04-02T17:47:08.788] [DEBUG] cheese - null
[2022-04-02T17:47:08.789] [DEBUG] cheese - null
[2022-04-02T18:14:34.659] [DEBUG] cheese - login => username:admin,password:12345
[2022-04-02T18:14:34.661] [DEBUG] cheese - admin
[2022-04-02T18:14:34.705] [DEBUG] cheese - null
[2022-04-02T18:14:34.706] [DEBUG] cheese - null
[2022-04-02T18:14:41.568] [DEBUG] cheese - login => username:admin,password:123456
[2022-04-02T18:14:41.569] [DEBUG] cheese - admin
[2022-04-02T18:14:41.572] [DEBUG] cheese - null
[2022-04-02T18:14:41.572] [DEBUG] cheese - null
[2022-04-02T22:11:33.017] [DEBUG] cheese - login => username:hevnoo,password:123456
[2022-04-02T22:11:33.024] [DEBUG] cheese - hevnoo
[2022-04-02T22:11:33.188] [DEBUG] cheese - null
[2022-04-02T22:11:33.190] [DEBUG] cheese - null
[2022-04-02T22:15:21.366] [DEBUG] cheese - login => username:admin,password:123456
[2022-04-02T22:15:21.367] [DEBUG] cheese - admin
[2022-04-02T22:15:21.410] [DEBUG] cheese - null
[2022-04-02T22:15:21.410] [DEBUG] cheese - null
[2022-04-02T22:15:44.774] [DEBUG] cheese - login => username:admin,password:123456
[2022-04-02T22:15:44.774] [DEBUG] cheese - admin
[2022-04-02T22:15:44.786] [DEBUG] cheese - null
[2022-04-02T22:15:44.787] [DEBUG] cheese - null
[2022-04-02T22:16:01.391] [DEBUG] cheese - login => username:admin,password:123456
[2022-04-02T22:16:01.392] [DEBUG] cheese - admin
[2022-04-02T22:16:01.404] [DEBUG] cheese - null
[2022-04-02T22:16:01.405] [DEBUG] cheese - null
[2022-04-02T22:16:30.834] [DEBUG] cheese - login => username:admin,password:123456
[2022-04-02T22:16:30.834] [DEBUG] cheese - admin
[2022-04-02T22:16:30.845] [DEBUG] cheese - null
[2022-04-02T22:16:30.845] [DEBUG] cheese - null
[2022-04-02T22:16:35.947] [DEBUG] cheese - login => username:admi,password:123456
[2022-04-02T22:16:35.948] [DEBUG] cheese - admi
[2022-04-02T22:16:35.956] [DEBUG] cheese - null
[2022-04-02T22:16:35.958] [DEBUG] cheese - null
[2022-04-02T22:16:40.116] [DEBUG] cheese - login => username:admiN,password:123456
[2022-04-02T22:16:40.116] [DEBUG] cheese - admiN
[2022-04-02T22:16:40.120] [DEBUG] cheese - null
[2022-04-02T22:16:40.121] [DEBUG] cheese - null
[2022-04-02T22:16:44.677] [DEBUG] cheese - login => username:admia,password:123456
[2022-04-02T22:16:44.677] [DEBUG] cheese - admia
[2022-04-02T22:16:44.683] [DEBUG] cheese - null
[2022-04-02T22:16:44.683] [DEBUG] cheese - null
[2022-04-02T22:16:48.834] [DEBUG] cheese - login => username:admin,password:123456
[2022-04-02T22:16:48.835] [DEBUG] cheese - admin
[2022-04-02T22:16:48.843] [DEBUG] cheese - null
[2022-04-02T22:16:48.843] [DEBUG] cheese - null
[2022-04-02T22:16:54.699] [DEBUG] cheese - login => username:admin,password:123456
[2022-04-02T22:16:54.699] [DEBUG] cheese - admin
[2022-04-02T22:16:54.703] [DEBUG] cheese - null
[2022-04-02T22:16:54.703] [DEBUG] cheese - null
[2022-04-02T22:19:19.955] [DEBUG] cheese - login => username:admin,password:123456
[2022-04-02T22:19:19.955] [DEBUG] cheese - admin
[2022-04-02T22:19:19.982] [DEBUG] cheese - null
[2022-04-02T22:19:19.983] [DEBUG] cheese - null
[2022-04-02T22:20:24.819] [DEBUG] cheese - login => username:admin,password:123456
[2022-04-02T22:20:24.819] [DEBUG] cheese - admin
[2022-04-02T22:20:24.825] [DEBUG] cheese - null
[2022-04-02T22:20:24.825] [DEBUG] cheese - null
[2022-04-02T22:20:51.563] [DEBUG] cheese - login => username:admin,password:123456
[2022-04-02T22:20:51.564] [DEBUG] cheese - admin
[2022-04-02T22:20:51.569] [DEBUG] cheese - null
[2022-04-02T22:20:51.569] [DEBUG] cheese - null
[2022-04-02T22:22:24.823] [DEBUG] cheese - login => username:admin,password:123456
[2022-04-02T22:22:24.823] [DEBUG] cheese - admin
[2022-04-02T22:22:24.829] [DEBUG] cheese - null
[2022-04-02T22:22:24.830] [DEBUG] cheese - null
[2022-04-02T22:23:30.928] [DEBUG] cheese - login => username:admin,password:123456
[2022-04-02T22:23:30.928] [DEBUG] cheese - admin
[2022-04-02T22:23:30.935] [DEBUG] cheese - null
[2022-04-02T22:23:30.936] [DEBUG] cheese - null
[2022-04-02T22:26:15.535] [DEBUG] cheese - login => username:admin,password:123456
[2022-04-02T22:26:15.535] [DEBUG] cheese - admin
[2022-04-02T22:26:15.547] [DEBUG] cheese - null
[2022-04-02T22:26:15.547] [DEBUG] cheese - null
[2022-04-02T22:34:43.731] [DEBUG] cheese - login => username:admin,password:123456
[2022-04-02T22:34:43.731] [DEBUG] cheese - admin
[2022-04-02T22:34:43.748] [DEBUG] cheese - null
[2022-04-02T22:34:43.748] [DEBUG] cheese - null
[2022-04-02T22:34:45.787] [DEBUG] cheese - login => username:admin,password:123456
[2022-04-02T22:34:45.788] [DEBUG] cheese - admin
[2022-04-02T22:34:45.794] [DEBUG] cheese - null
[2022-04-02T22:34:45.794] [DEBUG] cheese - null
[2022-04-02T22:35:45.195] [DEBUG] cheese - login => username:admin,password:123456
[2022-04-02T22:35:45.196] [DEBUG] cheese - admin
[2022-04-02T22:35:45.214] [DEBUG] cheese - null
[2022-04-02T22:35:45.215] [DEBUG] cheese - null
[2022-04-02T22:35:48.090] [DEBUG] cheese - login => username:admin,password:123456
[2022-04-02T22:35:48.091] [DEBUG] cheese - admin
[2022-04-02T22:35:48.094] [DEBUG] cheese - null
[2022-04-02T22:35:48.094] [DEBUG] cheese - null
[2022-04-02T22:35:54.623] [DEBUG] cheese - login => username:admin,password:123456
[2022-04-02T22:35:54.623] [DEBUG] cheese - admin
[2022-04-02T22:35:54.627] [DEBUG] cheese - null
[2022-04-02T22:35:54.627] [DEBUG] cheese - null
[2022-04-02T22:36:13.396] [DEBUG] cheese - login => username:admin,password:123456
[2022-04-02T22:36:13.396] [DEBUG] cheese - admin
[2022-04-02T22:36:13.399] [DEBUG] cheese - null
[2022-04-02T22:36:13.399] [DEBUG] cheese - null
[2022-04-02T22:36:16.166] [DEBUG] cheese - login => username:admin,password:123456
[2022-04-02T22:36:16.166] [DEBUG] cheese - admin
[2022-04-02T22:36:16.173] [DEBUG] cheese - null
[2022-04-02T22:36:16.173] [DEBUG] cheese - null
[2022-04-02T22:36:18.166] [DEBUG] cheese - login => username:admin,password:123456
[2022-04-02T22:36:18.166] [DEBUG] cheese - admin
[2022-04-02T22:36:18.173] [DEBUG] cheese - null
[2022-04-02T22:36:18.173] [DEBUG] cheese - null
[2022-04-02T22:36:24.567] [DEBUG] cheese - login => username:admin,password:123456
[2022-04-02T22:36:24.567] [DEBUG] cheese - admin
[2022-04-02T22:36:24.576] [DEBUG] cheese - null
[2022-04-02T22:36:24.577] [DEBUG] cheese - null
[2022-04-02T22:42:19.287] [DEBUG] cheese - login => username:admin,password:123456
[2022-04-02T22:42:19.287] [DEBUG] cheese - admin
[2022-04-02T22:42:19.309] [DEBUG] cheese - null
[2022-04-02T22:42:19.309] [DEBUG] cheese - null
[2022-04-02T22:44:20.810] [DEBUG] cheese - login => username:admin,password:123456
[2022-04-02T22:44:20.810] [DEBUG] cheese - admin
[2022-04-02T22:44:20.834] [DEBUG] cheese - null
[2022-04-02T22:44:20.834] [DEBUG] cheese - null
[2022-04-02T22:50:58.895] [DEBUG] cheese - login => username:admin,password:123456
[2022-04-02T22:50:58.895] [DEBUG] cheese - admin
[2022-04-02T22:50:58.921] [DEBUG] cheese - null
[2022-04-02T22:50:58.921] [DEBUG] cheese - null
[2022-04-02T23:48:19.687] [DEBUG] cheese - login => username:admin,password:123456
[2022-04-02T23:48:19.689] [DEBUG] cheese - admin
[2022-04-02T23:48:20.072] [DEBUG] cheese - null
[2022-04-02T23:48:20.073] [DEBUG] cheese - null
[2022-04-02T23:50:07.847] [DEBUG] cheese - login => username:admin,password:123456
[2022-04-02T23:50:07.847] [DEBUG] cheese - admin
[2022-04-02T23:50:07.853] [DEBUG] cheese - null
[2022-04-02T23:50:07.854] [DEBUG] cheese - null
[2022-04-02T23:51:01.647] [DEBUG] cheese - login => username:admin,password:123456
[2022-04-02T23:51:01.647] [DEBUG] cheese - admin
[2022-04-02T23:51:01.652] [DEBUG] cheese - null
[2022-04-02T23:51:01.652] [DEBUG] cheese - null
[2022-04-02T23:51:05.072] [DEBUG] cheese - login => username:admin,password:123456
[2022-04-02T23:51:05.072] [DEBUG] cheese - admin
[2022-04-02T23:51:05.075] [DEBUG] cheese - null
[2022-04-02T23:51:05.075] [DEBUG] cheese - null
[2022-04-03T01:45:29.561] [DEBUG] cheese - login => username:admin,password:123456
[2022-04-03T01:45:29.561] [DEBUG] cheese - admin
[2022-04-03T01:45:29.574] [DEBUG] cheese - null
[2022-04-03T01:45:29.574] [DEBUG] cheese - null
[2022-04-03T02:00:49.249] [DEBUG] cheese - login => username:admin,password:123456
[2022-04-03T02:00:49.249] [DEBUG] cheese - admin
[2022-04-03T02:00:49.259] [DEBUG] cheese - null
[2022-04-03T02:00:49.259] [DEBUG] cheese - null
[2022-04-03T02:00:57.915] [DEBUG] cheese - login => username:admin,password:123456
[2022-04-03T02:00:57.915] [DEBUG] cheese - admin
[2022-04-03T02:00:57.918] [DEBUG] cheese - null
[2022-04-03T02:00:57.918] [DEBUG] cheese - null
[2022-04-03T02:01:05.572] [DEBUG] cheese - login => username:admin,password:123456
[2022-04-03T02:01:05.572] [DEBUG] cheese - admin
[2022-04-03T02:01:05.577] [DEBUG] cheese - null
[2022-04-03T02:01:05.577] [DEBUG] cheese - null
[2022-04-03T03:01:22.614] [DEBUG] cheese - login => username:admin,password:123456
[2022-04-03T03:01:22.618] [DEBUG] cheese - admin
[2022-04-03T03:01:22.629] [DEBUG] cheese - null
[2022-04-03T03:01:22.629] [DEBUG] cheese - null
[2022-04-03T03:01:46.402] [DEBUG] cheese - login => username:admin1,password:123456
[2022-04-03T03:01:46.402] [DEBUG] cheese - admin1
[2022-04-03T03:01:46.404] [DEBUG] cheese - null
[2022-04-03T03:01:46.404] [DEBUG] cheese - null
[2022-04-03T03:01:49.478] [DEBUG] cheese - login => username:admin,password:123456
[2022-04-03T03:01:49.479] [DEBUG] cheese - admin
[2022-04-03T03:01:49.481] [DEBUG] cheese - null
[2022-04-03T03:01:49.481] [DEBUG] cheese - null
[2022-04-03T16:09:35.171] [DEBUG] cheese - login => username:hevnoo,password:123456
[2022-04-03T16:09:35.174] [DEBUG] cheese - hevnoo
[2022-04-03T16:09:35.228] [DEBUG] cheese - null
[2022-04-03T16:09:35.228] [DEBUG] cheese - null
[2022-04-03T16:09:43.608] [DEBUG] cheese - login => username:admin,password:123456
[2022-04-03T16:09:43.609] [DEBUG] cheese - admin
[2022-04-03T16:09:43.619] [DEBUG] cheese - null
[2022-04-03T16:09:43.619] [DEBUG] cheese - null
[2022-04-03T16:09:57.015] [DEBUG] cheese - login => username:admin,password:123456
[2022-04-03T16:09:57.015] [DEBUG] cheese - admin
[2022-04-03T16:09:57.019] [DEBUG] cheese - null
[2022-04-03T16:09:57.019] [DEBUG] cheese - null
